# JRE version: 7.0_25-b16
# Java VM: Java HotSpot(TM) 64-Bit Server VM (23.25-b01 mixed mode windows-amd64 compressed oops)
Heap
 PSYoungGen      total 173760K, used 160704K [0x00000000eaab0000, 0x00000000f6180000, 0x0000000100000000)
  eden space 160704K, 100% used [0x00000000eaab0000,0x00000000f47a0000,0x00000000f47a0000)
  from space 13056K, 0% used [0x00000000f54c0000,0x00000000f54c0000,0x00000000f6180000)
  to   space 13248K, 46% used [0x00000000f47a0000,0x00000000f4daca80,0x00000000f5490000)
 ParOldGen       total 71232K, used 32878K [0x00000000c0000000, 0x00000000c4590000, 0x00000000eaab0000)
  object space 71232K, 46% used [0x00000000c0000000,0x00000000c201bac8,0x00000000c4590000)
 PSPermGen       total 75072K, used 61935K [0x00000000b0000000, 0x00000000b4950000, 0x00000000c0000000)
  object space 75072K, 82% used [0x00000000b0000000,0x00000000b3c7bec0,0x00000000b4950000)
GC Heap History (10 events):
Event: 12148.126 GC heap after
Heap after GC invocations=59 (full 14):
 PSYoungGen      total 162880K, used 2768K [0x00000000eaab0000, 0x00000000f58e0000, 0x0000000100000000)
  eden space 148864K, 0% used [0x00000000eaab0000,0x00000000eaab0000,0x00000000f3c10000)
  from space 14016K, 19% used [0x00000000f3c10000,0x00000000f3ec4010,0x00000000f49c0000)
  to   space 13824K, 0% used [0x00000000f4b60000,0x00000000f4b60000,0x00000000f58e0000)
 ParOldGen       total 71232K, used 31849K [0x00000000c0000000, 0x00000000c4590000, 0x00000000eaab0000)
  object space 71232K, 44% used [0x00000000c0000000,0x00000000c1f1a528,0x00000000c4590000)
 PSPermGen       total 76288K, used 60973K [0x00000000b0000000, 0x00000000b4a80000, 0x00000000c0000000)
  object space 76288K, 79% used [0x00000000b0000000,0x00000000b3b8b528,0x00000000b4a80000)
}
Event: 12223.850 GC heap before
{Heap before GC invocations=60 (full 14):
 PSYoungGen      total 162880K, used 151632K [0x00000000eaab0000, 0x00000000f58e0000, 0x0000000100000000)
  eden space 148864K, 100% used [0x00000000eaab0000,0x00000000f3c10000,0x00000000f3c10000)
  from space 14016K, 19% used [0x00000000f3c10000,0x00000000f3ec4010,0x00000000f49c0000)
  to   space 13824K, 0% used [0x00000000f4b60000,0x00000000f4b60000,0x00000000f58e0000)
 ParOldGen       total 71232K, used 31849K [0x00000000c0000000, 0x00000000c4590000, 0x00000000eaab0000)
  object space 71232K, 44% used [0x00000000c0000000,0x00000000c1f1a528,0x00000000c4590000)
 PSPermGen       total 76288K, used 61394K [0x00000000b0000000, 0x00000000b4a80000, 0x00000000c0000000)
  object space 76288K, 80% used [0x00000000b0000000,0x00000000b3bf48e8,0x00000000b4a80000)
Event: 12223.863 GC heap after
Heap after GC invocations=60 (full 14):
 PSYoungGen      total 162752K, used 7152K [0x00000000eaab0000, 0x00000000f57b0000, 0x0000000100000000)
  eden space 150144K, 0% used [0x00000000eaab0000,0x00000000eaab0000,0x00000000f3d50000)
  from space 12608K, 56% used [0x00000000f4b60000,0x00000000f525c030,0x00000000f57b0000)
  to   space 13504K, 0% used [0x00000000f3d50000,0x00000000f3d50000,0x00000000f4a80000)
 ParOldGen       total 71232K, used 31849K [0x00000000c0000000, 0x00000000c4590000, 0x00000000eaab0000)
  object space 71232K, 44% used [0x00000000c0000000,0x00000000c1f1a528,0x00000000c4590000)
 PSPermGen       total 76288K, used 61394K [0x00000000b0000000, 0x00000000b4a80000, 0x00000000c0000000)
  object space 76288K, 80% used [0x00000000b0000000,0x00000000b3bf48e8,0x00000000b4a80000)
}
Event: 12229.935 GC heap before
{Heap before GC invocations=61 (full 14):
 PSYoungGen      total 162752K, used 157296K [0x00000000eaab0000, 0x00000000f57b0000, 0x0000000100000000)
  eden space 150144K, 100% used [0x00000000eaab0000,0x00000000f3d50000,0x00000000f3d50000)
  from space 12608K, 56% used [0x00000000f4b60000,0x00000000f525c030,0x00000000f57b0000)
  to   space 13504K, 0% used [0x00000000f3d50000,0x00000000f3d50000,0x00000000f4a80000)
 ParOldGen       total 71232K, used 31849K [0x00000000c0000000, 0x00000000c4590000, 0x00000000eaab0000)
  object space 71232K, 44% used [0x00000000c0000000,0x00000000c1f1a528,0x00000000c4590000)
 PSPermGen       total 76288K, used 61788K [0x00000000b0000000, 0x00000000b4a80000, 0x00000000c0000000)
  object space 76288K, 80% used [0x00000000b0000000,0x00000000b3c57388,0x00000000b4a80000)
Event: 12230.113 GC heap after
Heap after GC invocations=61 (full 14):
 PSYoungGen      total 163648K, used 7700K [0x00000000eaab0000, 0x00000000f61e0000, 0x0000000100000000)
  eden space 150144K, 0% used [0x00000000eaab0000,0x00000000eaab0000,0x00000000f3d50000)
  from space 13504K, 57% used [0x00000000f3d50000,0x00000000f44d5230,0x00000000f4a80000)
  to   space 13440K, 0% used [0x00000000f54c0000,0x00000000f54c0000,0x00000000f61e0000)
 ParOldGen       total 71232K, used 31849K [0x00000000c0000000, 0x00000000c4590000, 0x00000000eaab0000)
  object space 71232K, 44% used [0x00000000c0000000,0x00000000c1f1a528,0x00000000c4590000)
 PSPermGen       total 76288K, used 61788K [0x00000000b0000000, 0x00000000b4a80000, 0x00000000c0000000)
  object space 76288K, 80% used [0x00000000b0000000,0x00000000b3c57388,0x00000000b4a80000)
}
Event: 12272.549 GC heap before
{Heap before GC invocations=62 (full 14):
 PSYoungGen      total 163648K, used 138786K [0x00000000eaab0000, 0x00000000f61e0000, 0x0000000100000000)
  eden space 150144K, 87% used [0x00000000eaab0000,0x00000000f2ab3678,0x00000000f3d50000)
  from space 13504K, 57% used [0x00000000f3d50000,0x00000000f44d5230,0x00000000f4a80000)
  to   space 13440K, 0% used [0x00000000f54c0000,0x00000000f54c0000,0x00000000f61e0000)
 ParOldGen       total 71232K, used 31849K [0x00000000c0000000, 0x00000000c4590000, 0x00000000eaab0000)
  object space 71232K, 44% used [0x00000000c0000000,0x00000000c1f1a528,0x00000000c4590000)
 PSPermGen       total 76288K, used 61858K [0x00000000b0000000, 0x00000000b4a80000, 0x00000000c0000000)
  object space 76288K, 81% used [0x00000000b0000000,0x00000000b3c68b80,0x00000000b4a80000)
Event: 12272.570 GC heap after
Heap after GC invocations=62 (full 14):
 PSYoungGen      total 173760K, used 7456K [0x00000000eaab0000, 0x00000000f6180000, 0x0000000100000000)
  eden space 160704K, 0% used [0x00000000eaab0000,0x00000000eaab0000,0x00000000f47a0000)
  from space 13056K, 57% used [0x00000000f54c0000,0x00000000f5c08270,0x00000000f6180000)
  to   space 13248K, 0% used [0x00000000f47a0000,0x00000000f47a0000,0x00000000f5490000)
 ParOldGen       total 71232K, used 31849K [0x00000000c0000000, 0x00000000c4590000, 0x00000000eaab0000)
  object space 71232K, 44% used [0x00000000c0000000,0x00000000c1f1a528,0x00000000c4590000)
 PSPermGen       total 76288K, used 61858K [0x00000000b0000000, 0x00000000b4a80000, 0x00000000c0000000)
  object space 76288K, 81% used [0x00000000b0000000,0x00000000b3c68b80,0x00000000b4a80000)
}
Event: 12272.570 GC heap before
{Heap before GC invocations=63 (full 15):
 PSYoungGen      total 173760K, used 7456K [0x00000000eaab0000, 0x00000000f6180000, 0x0000000100000000)
  eden space 160704K, 0% used [0x00000000eaab0000,0x00000000eaab0000,0x00000000f47a0000)
  from space 13056K, 57% used [0x00000000f54c0000,0x00000000f5c08270,0x00000000f6180000)
  to   space 13248K, 0% used [0x00000000f47a0000,0x00000000f47a0000,0x00000000f5490000)
 ParOldGen       total 71232K, used 31849K [0x00000000c0000000, 0x00000000c4590000, 0x00000000eaab0000)
  object space 71232K, 44% used [0x00000000c0000000,0x00000000c1f1a528,0x00000000c4590000)
 PSPermGen       total 76288K, used 61858K [0x00000000b0000000, 0x00000000b4a80000, 0x00000000c0000000)
  object space 76288K, 81% used [0x00000000b0000000,0x00000000b3c68b80,0x00000000b4a80000)
Event: 12272.904 GC heap after
Heap after GC invocations=63 (full 15):
 PSYoungGen      total 173760K, used 0K [0x00000000eaab0000, 0x00000000f6180000, 0x0000000100000000)
  eden space 160704K, 0% used [0x00000000eaab0000,0x00000000eaab0000,0x00000000f47a0000)
  from space 13056K, 0% used [0x00000000f54c0000,0x00000000f54c0000,0x00000000f6180000)
  to   space 13248K, 0% used [0x00000000f47a0000,0x00000000f47a0000,0x00000000f5490000)
 ParOldGen       total 71232K, used 32878K [0x00000000c0000000, 0x00000000c4590000, 0x00000000eaab0000)
  object space 71232K, 46% used [0x00000000c0000000,0x00000000c201bac8,0x00000000c4590000)
 PSPermGen       total 75072K, used 61842K [0x00000000b0000000, 0x00000000b4950000, 0x00000000c0000000)
  object space 75072K, 82% used [0x00000000b0000000,0x00000000b3c649f8,0x00000000b4950000)
}
Event: 14745.700 GC heap before
{Heap before GC invocations=64 (full 15):
 PSYoungGen      total 173760K, used 160704K [0x00000000eaab0000, 0x00000000f6180000, 0x0000000100000000)
  eden space 160704K, 100% used [0x00000000eaab0000,0x00000000f47a0000,0x00000000f47a0000)
  from space 13056K, 0% used [0x00000000f54c0000,0x00000000f54c0000,0x00000000f6180000)
  to   space 13248K, 0% used [0x00000000f47a0000,0x00000000f47a0000,0x00000000f5490000)
 ParOldGen       total 71232K, used 32878K [0x00000000c0000000, 0x00000000c4590000, 0x00000000eaab0000)
  object space 71232K, 46% used [0x00000000c0000000,0x00000000c201bac8,0x00000000c4590000)
 PSPermGen       total 75072K, used 61935K [0x00000000b0000000, 0x00000000b4950000, 0x00000000c0000000)
  object space 75072K, 82% used [0x00000000b0000000,0x00000000b3c7bec0,0x00000000b4950000)

